[2025-11-24T17:03:20.311+0000] {manager.py:469} INFO - Processing files using up to 2 processes at a time 
[2025-11-24T17:03:20.311+0000] {manager.py:470} INFO - Process each file at most once every 30 seconds
[2025-11-24T17:03:20.311+0000] {manager.py:471} INFO - Checking for new files in /opt/airflow/dags every 300 seconds
[2025-11-24T17:03:20.311+0000] {manager.py:738} INFO - Searching for files in /opt/airflow/dags
[2025-11-24T17:03:20.313+0000] {manager.py:741} INFO - There are 1 files in /opt/airflow/dags
[2025-11-24T17:03:20.369+0000] {manager.py:879} INFO - 
================================================================================
DAG File Processing Stats

File Path                                   PID  Runtime      # DAGs    # Errors  Last Runtime    Last Run
----------------------------------------  -----  ---------  --------  ----------  --------------  ----------
/opt/airflow/dags/github_pipeline_dag.py    185  0.03s             0           0
================================================================================
[2025-11-24T17:03:39.731+0000] {manager.py:451} INFO - Exiting gracefully upon receiving signal 15
[2025-11-24T17:11:24.509+0000] {manager.py:469} INFO - Processing files using up to 2 processes at a time 
[2025-11-24T17:11:24.509+0000] {manager.py:470} INFO - Process each file at most once every 30 seconds
[2025-11-24T17:11:24.510+0000] {manager.py:471} INFO - Checking for new files in /opt/airflow/dags every 300 seconds
[2025-11-24T17:11:24.510+0000] {manager.py:738} INFO - Searching for files in /opt/airflow/dags
[2025-11-24T17:11:24.511+0000] {manager.py:741} INFO - There are 1 files in /opt/airflow/dags
[2025-11-24T17:11:24.572+0000] {manager.py:879} INFO - 
================================================================================
DAG File Processing Stats

File Path                                   PID  Runtime      # DAGs    # Errors  Last Runtime    Last Run
----------------------------------------  -----  ---------  --------  ----------  --------------  ----------
/opt/airflow/dags/github_pipeline_dag.py    185  0.03s             0           0
================================================================================
[2025-11-24T17:11:54.657+0000] {manager.py:879} INFO - 
================================================================================
DAG File Processing Stats

File Path                                 PID    Runtime      # DAGs    # Errors  Last Runtime    Last Run
----------------------------------------  -----  ---------  --------  ----------  --------------  -------------------
/opt/airflow/dags/github_pipeline_dag.py                           1           0  0.26s           2025-11-24T17:11:24
================================================================================
[2025-11-24T17:12:24.961+0000] {manager.py:879} INFO - 
================================================================================
DAG File Processing Stats

File Path                                   PID  Runtime      # DAGs    # Errors  Last Runtime    Last Run
----------------------------------------  -----  ---------  --------  ----------  --------------  -------------------
/opt/airflow/dags/github_pipeline_dag.py    196  0.00s             1           0  0.06s           2025-11-24T17:11:54
================================================================================
[2025-11-24T17:12:55.090+0000] {manager.py:879} INFO - 
================================================================================
DAG File Processing Stats

File Path                                   PID  Runtime      # DAGs    # Errors  Last Runtime    Last Run
----------------------------------------  -----  ---------  --------  ----------  --------------  -------------------
/opt/airflow/dags/github_pipeline_dag.py    201  0.00s             1           0  0.06s           2025-11-24T17:12:25
================================================================================
[2025-11-24T17:13:25.189+0000] {manager.py:879} INFO - 
================================================================================
DAG File Processing Stats

File Path                                   PID  Runtime      # DAGs    # Errors  Last Runtime    Last Run
----------------------------------------  -----  ---------  --------  ----------  --------------  -------------------
/opt/airflow/dags/github_pipeline_dag.py    206  0.00s             1           0  0.06s           2025-11-24T17:12:55
================================================================================
[2025-11-24T17:13:55.303+0000] {manager.py:879} INFO - 
================================================================================
DAG File Processing Stats

File Path                                   PID  Runtime      # DAGs    # Errors  Last Runtime    Last Run
----------------------------------------  -----  ---------  --------  ----------  --------------  -------------------
/opt/airflow/dags/github_pipeline_dag.py    211  0.00s             1           0  0.07s           2025-11-24T17:13:25
================================================================================
[2025-11-24T17:14:25.426+0000] {manager.py:879} INFO - 
================================================================================
DAG File Processing Stats

File Path                                   PID  Runtime      # DAGs    # Errors  Last Runtime    Last Run
----------------------------------------  -----  ---------  --------  ----------  --------------  -------------------
/opt/airflow/dags/github_pipeline_dag.py    216  0.00s             1           0  0.06s           2025-11-24T17:13:55
================================================================================
[2025-11-24T17:14:55.541+0000] {manager.py:879} INFO - 
================================================================================
DAG File Processing Stats

File Path                                   PID  Runtime      # DAGs    # Errors  Last Runtime    Last Run
----------------------------------------  -----  ---------  --------  ----------  --------------  -------------------
/opt/airflow/dags/github_pipeline_dag.py    221  0.00s             1           0  0.06s           2025-11-24T17:14:25
================================================================================
[2025-11-24T17:15:25.653+0000] {manager.py:879} INFO - 
================================================================================
DAG File Processing Stats

File Path                                   PID  Runtime      # DAGs    # Errors  Last Runtime    Last Run
----------------------------------------  -----  ---------  --------  ----------  --------------  -------------------
/opt/airflow/dags/github_pipeline_dag.py    226  0.00s             1           0  0.07s           2025-11-24T17:14:55
================================================================================
[2025-11-24T17:15:46.715+0000] {manager.py:451} INFO - Exiting gracefully upon receiving signal 15
[2025-11-24T17:16:45.747+0000] {manager.py:469} INFO - Processing files using up to 2 processes at a time 
[2025-11-24T17:16:45.747+0000] {manager.py:470} INFO - Process each file at most once every 30 seconds
[2025-11-24T17:16:45.748+0000] {manager.py:471} INFO - Checking for new files in /opt/airflow/dags every 300 seconds
[2025-11-24T17:16:45.748+0000] {manager.py:738} INFO - Searching for files in /opt/airflow/dags
[2025-11-24T17:16:45.749+0000] {manager.py:741} INFO - There are 1 files in /opt/airflow/dags
[2025-11-24T17:16:45.816+0000] {manager.py:879} INFO - 
================================================================================
DAG File Processing Stats

File Path                                   PID  Runtime      # DAGs    # Errors  Last Runtime    Last Run
----------------------------------------  -----  ---------  --------  ----------  --------------  ----------
/opt/airflow/dags/github_pipeline_dag.py    185  0.03s             0           0
================================================================================
[2025-11-24T17:17:15.897+0000] {manager.py:879} INFO - 
================================================================================
DAG File Processing Stats

File Path                                 PID    Runtime      # DAGs    # Errors  Last Runtime    Last Run
----------------------------------------  -----  ---------  --------  ----------  --------------  -------------------
/opt/airflow/dags/github_pipeline_dag.py                           1           0  0.30s           2025-11-24T17:16:46
================================================================================
[2025-11-24T17:17:46.259+0000] {manager.py:879} INFO - 
================================================================================
DAG File Processing Stats

File Path                                   PID  Runtime      # DAGs    # Errors  Last Runtime    Last Run
----------------------------------------  -----  ---------  --------  ----------  --------------  -------------------
/opt/airflow/dags/github_pipeline_dag.py    196  0.00s             1           0  0.06s           2025-11-24T17:17:16
================================================================================
[2025-11-24T17:18:16.392+0000] {manager.py:879} INFO - 
================================================================================
DAG File Processing Stats

File Path                                   PID  Runtime      # DAGs    # Errors  Last Runtime    Last Run
----------------------------------------  -----  ---------  --------  ----------  --------------  -------------------
/opt/airflow/dags/github_pipeline_dag.py    201  0.00s             1           0  0.06s           2025-11-24T17:17:46
================================================================================
[2025-11-24T17:18:46.491+0000] {manager.py:879} INFO - 
================================================================================
DAG File Processing Stats

File Path                                   PID  Runtime      # DAGs    # Errors  Last Runtime    Last Run
----------------------------------------  -----  ---------  --------  ----------  --------------  -------------------
/opt/airflow/dags/github_pipeline_dag.py    206  0.00s             1           0  0.06s           2025-11-24T17:18:16
================================================================================
[2025-11-24T17:18:48.514+0000] {manager.py:451} INFO - Exiting gracefully upon receiving signal 15
[2025-11-24T17:22:42.672+0000] {manager.py:469} INFO - Processing files using up to 2 processes at a time 
[2025-11-24T17:22:42.674+0000] {manager.py:470} INFO - Process each file at most once every 30 seconds
[2025-11-24T17:22:42.674+0000] {manager.py:471} INFO - Checking for new files in /opt/airflow/dags every 300 seconds
[2025-11-24T17:22:42.674+0000] {manager.py:738} INFO - Searching for files in /opt/airflow/dags
[2025-11-24T17:22:42.676+0000] {manager.py:741} INFO - There are 1 files in /opt/airflow/dags
[2025-11-24T17:22:42.757+0000] {manager.py:879} INFO - 
================================================================================
DAG File Processing Stats

File Path                                   PID  Runtime      # DAGs    # Errors  Last Runtime    Last Run
----------------------------------------  -----  ---------  --------  ----------  --------------  ----------
/opt/airflow/dags/github_pipeline_dag.py    185  0.04s             0           0
================================================================================
[2025-11-24T17:23:12.840+0000] {manager.py:879} INFO - 
================================================================================
DAG File Processing Stats

File Path                                 PID    Runtime      # DAGs    # Errors  Last Runtime    Last Run
----------------------------------------  -----  ---------  --------  ----------  --------------  -------------------
/opt/airflow/dags/github_pipeline_dag.py                           1           0  0.33s           2025-11-24T17:22:43
================================================================================
[2025-11-24T17:23:43.227+0000] {manager.py:879} INFO - 
================================================================================
DAG File Processing Stats

File Path                                   PID  Runtime      # DAGs    # Errors  Last Runtime    Last Run
----------------------------------------  -----  ---------  --------  ----------  --------------  -------------------
/opt/airflow/dags/github_pipeline_dag.py    196  0.00s             1           0  0.06s           2025-11-24T17:23:13
================================================================================
[2025-11-24T17:24:13.351+0000] {manager.py:879} INFO - 
================================================================================
DAG File Processing Stats

File Path                                   PID  Runtime      # DAGs    # Errors  Last Runtime    Last Run
----------------------------------------  -----  ---------  --------  ----------  --------------  -------------------
/opt/airflow/dags/github_pipeline_dag.py    201  0.00s             1           0  0.06s           2025-11-24T17:23:43
================================================================================
[2025-11-24T17:24:43.447+0000] {manager.py:879} INFO - 
================================================================================
DAG File Processing Stats

File Path                                   PID  Runtime      # DAGs    # Errors  Last Runtime    Last Run
----------------------------------------  -----  ---------  --------  ----------  --------------  -------------------
/opt/airflow/dags/github_pipeline_dag.py    206  0.00s             1           0  0.06s           2025-11-24T17:24:13
================================================================================
[2025-11-24T17:25:13.568+0000] {manager.py:879} INFO - 
================================================================================
DAG File Processing Stats

File Path                                   PID  Runtime      # DAGs    # Errors  Last Runtime    Last Run
----------------------------------------  -----  ---------  --------  ----------  --------------  -------------------
/opt/airflow/dags/github_pipeline_dag.py    211  0.00s             1           0  0.06s           2025-11-24T17:24:43
================================================================================
[2025-11-24T17:25:22.376+0000] {manager.py:451} INFO - Exiting gracefully upon receiving signal 15
[2025-11-24T17:26:47.294+0000] {manager.py:469} INFO - Processing files using up to 2 processes at a time 
[2025-11-24T17:26:47.294+0000] {manager.py:470} INFO - Process each file at most once every 30 seconds
[2025-11-24T17:26:47.295+0000] {manager.py:471} INFO - Checking for new files in /opt/airflow/dags every 300 seconds
[2025-11-24T17:26:47.295+0000] {manager.py:738} INFO - Searching for files in /opt/airflow/dags
[2025-11-24T17:26:47.296+0000] {manager.py:741} INFO - There are 1 files in /opt/airflow/dags
[2025-11-24T17:26:47.351+0000] {manager.py:879} INFO - 
================================================================================
DAG File Processing Stats

File Path                                   PID  Runtime      # DAGs    # Errors  Last Runtime    Last Run
----------------------------------------  -----  ---------  --------  ----------  --------------  ----------
/opt/airflow/dags/github_pipeline_dag.py    184  0.03s             0           0
================================================================================
[2025-11-24T17:27:17.441+0000] {manager.py:879} INFO - 
================================================================================
DAG File Processing Stats

File Path                                 PID    Runtime      # DAGs    # Errors  Last Runtime    Last Run
----------------------------------------  -----  ---------  --------  ----------  --------------  -------------------
/opt/airflow/dags/github_pipeline_dag.py                           1           0  0.16s           2025-11-24T17:26:47
================================================================================
[2025-11-24T17:27:47.648+0000] {manager.py:879} INFO - 
================================================================================
DAG File Processing Stats

File Path                                   PID  Runtime      # DAGs    # Errors  Last Runtime    Last Run
----------------------------------------  -----  ---------  --------  ----------  --------------  -------------------
/opt/airflow/dags/github_pipeline_dag.py    195  0.00s             1           0  0.06s           2025-11-24T17:27:17
================================================================================
[2025-11-24T17:28:16.727+0000] {manager.py:451} INFO - Exiting gracefully upon receiving signal 15
[2025-11-24T17:33:31.669+0000] {manager.py:469} INFO - Processing files using up to 2 processes at a time 
[2025-11-24T17:33:31.670+0000] {manager.py:470} INFO - Process each file at most once every 30 seconds
[2025-11-24T17:33:31.670+0000] {manager.py:471} INFO - Checking for new files in /opt/airflow/dags every 300 seconds
[2025-11-24T17:33:31.670+0000] {manager.py:738} INFO - Searching for files in /opt/airflow/dags
[2025-11-24T17:33:31.673+0000] {manager.py:741} INFO - There are 1 files in /opt/airflow/dags
[2025-11-24T17:33:31.750+0000] {manager.py:879} INFO - 
================================================================================
DAG File Processing Stats

File Path                                   PID  Runtime      # DAGs    # Errors  Last Runtime    Last Run
----------------------------------------  -----  ---------  --------  ----------  --------------  ----------
/opt/airflow/dags/github_pipeline_dag.py    185  0.03s             0           0
================================================================================
[2025-11-24T17:34:01.838+0000] {manager.py:879} INFO - 
================================================================================
DAG File Processing Stats

File Path                                 PID    Runtime      # DAGs    # Errors  Last Runtime    Last Run
----------------------------------------  -----  ---------  --------  ----------  --------------  -------------------
/opt/airflow/dags/github_pipeline_dag.py                           1           0  0.31s           2025-11-24T17:33:32
================================================================================
[2025-11-24T17:34:32.195+0000] {manager.py:879} INFO - 
================================================================================
DAG File Processing Stats

File Path                                   PID  Runtime      # DAGs    # Errors  Last Runtime    Last Run
----------------------------------------  -----  ---------  --------  ----------  --------------  -------------------
/opt/airflow/dags/github_pipeline_dag.py    196  0.00s             1           0  0.07s           2025-11-24T17:34:02
================================================================================
[2025-11-24T17:35:02.322+0000] {manager.py:879} INFO - 
================================================================================
DAG File Processing Stats

File Path                                   PID  Runtime      # DAGs    # Errors  Last Runtime    Last Run
----------------------------------------  -----  ---------  --------  ----------  --------------  -------------------
/opt/airflow/dags/github_pipeline_dag.py    228  0.00s             1           0  0.06s           2025-11-24T17:34:32
================================================================================
[2025-11-24T17:35:32.414+0000] {manager.py:879} INFO - 
================================================================================
DAG File Processing Stats

File Path                                   PID  Runtime      # DAGs    # Errors  Last Runtime    Last Run
----------------------------------------  -----  ---------  --------  ----------  --------------  -------------------
/opt/airflow/dags/github_pipeline_dag.py    233  0.00s             1           0  0.06s           2025-11-24T17:35:02
================================================================================
[2025-11-24T17:36:02.538+0000] {manager.py:879} INFO - 
================================================================================
DAG File Processing Stats

File Path                                   PID  Runtime      # DAGs    # Errors  Last Runtime    Last Run
----------------------------------------  -----  ---------  --------  ----------  --------------  -------------------
/opt/airflow/dags/github_pipeline_dag.py    257  0.00s             1           0  0.07s           2025-11-24T17:35:32
================================================================================
[2025-11-24T17:36:32.633+0000] {manager.py:879} INFO - 
================================================================================
DAG File Processing Stats

File Path                                   PID  Runtime      # DAGs    # Errors  Last Runtime    Last Run
----------------------------------------  -----  ---------  --------  ----------  --------------  -------------------
/opt/airflow/dags/github_pipeline_dag.py    262  0.00s             1           0  0.07s           2025-11-24T17:36:02
================================================================================
[2025-11-24T17:37:02.759+0000] {manager.py:879} INFO - 
================================================================================
DAG File Processing Stats

File Path                                   PID  Runtime      # DAGs    # Errors  Last Runtime    Last Run
----------------------------------------  -----  ---------  --------  ----------  --------------  -------------------
/opt/airflow/dags/github_pipeline_dag.py    267  0.00s             1           0  0.06s           2025-11-24T17:36:32
================================================================================
[2025-11-24T17:37:32.849+0000] {manager.py:879} INFO - 
================================================================================
DAG File Processing Stats

File Path                                   PID  Runtime      # DAGs    # Errors  Last Runtime    Last Run
----------------------------------------  -----  ---------  --------  ----------  --------------  -------------------
/opt/airflow/dags/github_pipeline_dag.py    272  0.00s             1           0  0.07s           2025-11-24T17:37:02
================================================================================
[2025-11-24T17:38:01.731+0000] {manager.py:451} INFO - Exiting gracefully upon receiving signal 15
[2025-11-24T17:43:29.016+0000] {manager.py:469} INFO - Processing files using up to 2 processes at a time 
[2025-11-24T17:43:29.016+0000] {manager.py:470} INFO - Process each file at most once every 30 seconds
[2025-11-24T17:43:29.017+0000] {manager.py:471} INFO - Checking for new files in /opt/airflow/dags every 300 seconds
[2025-11-24T17:43:29.017+0000] {manager.py:738} INFO - Searching for files in /opt/airflow/dags
[2025-11-24T17:43:29.018+0000] {manager.py:741} INFO - There are 1 files in /opt/airflow/dags
[2025-11-24T17:43:29.073+0000] {manager.py:879} INFO - 
================================================================================
DAG File Processing Stats

File Path                                   PID  Runtime      # DAGs    # Errors  Last Runtime    Last Run
----------------------------------------  -----  ---------  --------  ----------  --------------  ----------
/opt/airflow/dags/github_pipeline_dag.py    166  0.03s             0           0
================================================================================
[2025-11-24T17:43:59.162+0000] {manager.py:879} INFO - 
================================================================================
DAG File Processing Stats

File Path                                 PID    Runtime      # DAGs    # Errors  Last Runtime    Last Run
----------------------------------------  -----  ---------  --------  ----------  --------------  -------------------
/opt/airflow/dags/github_pipeline_dag.py                           1           0  0.25s           2025-11-24T17:43:29
================================================================================
[2025-11-24T17:44:29.451+0000] {manager.py:879} INFO - 
================================================================================
DAG File Processing Stats

File Path                                 PID    Runtime      # DAGs    # Errors  Last Runtime    Last Run
----------------------------------------  -----  ---------  --------  ----------  --------------  -------------------
/opt/airflow/dags/github_pipeline_dag.py                           1           0  0.13s           2025-11-24T17:43:59
================================================================================
[2025-11-24T17:44:59.666+0000] {manager.py:879} INFO - 
================================================================================
DAG File Processing Stats

File Path                                   PID  Runtime      # DAGs    # Errors  Last Runtime    Last Run
----------------------------------------  -----  ---------  --------  ----------  --------------  -------------------
/opt/airflow/dags/github_pipeline_dag.py    519  0.01s             1           0  0.07s           2025-11-24T17:44:29
================================================================================
[2025-11-24T17:45:29.789+0000] {manager.py:879} INFO - 
================================================================================
DAG File Processing Stats

File Path                                   PID  Runtime      # DAGs    # Errors  Last Runtime    Last Run
----------------------------------------  -----  ---------  --------  ----------  --------------  -------------------
/opt/airflow/dags/github_pipeline_dag.py    549  0.00s             1           0  0.12s           2025-11-24T17:44:59
================================================================================
[2025-11-24T17:45:59.931+0000] {manager.py:879} INFO - 
================================================================================
DAG File Processing Stats

File Path                                   PID  Runtime      # DAGs    # Errors  Last Runtime    Last Run
----------------------------------------  -----  ---------  --------  ----------  --------------  -------------------
/opt/airflow/dags/github_pipeline_dag.py    582  0.00s             1           0  0.08s           2025-11-24T17:45:29
================================================================================
[2025-11-24T17:46:30.021+0000] {manager.py:879} INFO - 
================================================================================
DAG File Processing Stats

File Path                                   PID  Runtime      # DAGs    # Errors  Last Runtime    Last Run
----------------------------------------  -----  ---------  --------  ----------  --------------  -------------------
/opt/airflow/dags/github_pipeline_dag.py    608  0.00s             1           0  0.06s           2025-11-24T17:45:59
================================================================================
[2025-11-24T17:47:00.132+0000] {manager.py:879} INFO - 
================================================================================
DAG File Processing Stats

File Path                                   PID  Runtime      # DAGs    # Errors  Last Runtime    Last Run
----------------------------------------  -----  ---------  --------  ----------  --------------  -------------------
/opt/airflow/dags/github_pipeline_dag.py    639  0.00s             1           0  0.07s           2025-11-24T17:46:30
================================================================================
[2025-11-24T17:47:30.236+0000] {manager.py:879} INFO - 
================================================================================
DAG File Processing Stats

File Path                                   PID  Runtime      # DAGs    # Errors  Last Runtime    Last Run
----------------------------------------  -----  ---------  --------  ----------  --------------  -------------------
/opt/airflow/dags/github_pipeline_dag.py    644  0.00s             1           0  0.06s           2025-11-24T17:47:00
================================================================================
[2025-11-24T17:48:00.334+0000] {manager.py:879} INFO - 
================================================================================
DAG File Processing Stats

File Path                                   PID  Runtime      # DAGs    # Errors  Last Runtime    Last Run
----------------------------------------  -----  ---------  --------  ----------  --------------  -------------------
/opt/airflow/dags/github_pipeline_dag.py    697  0.00s             1           0  0.08s           2025-11-24T17:47:30
================================================================================
[2025-11-24T17:48:29.460+0000] {manager.py:738} INFO - Searching for files in /opt/airflow/dags
[2025-11-24T17:48:29.461+0000] {manager.py:741} INFO - There are 1 files in /opt/airflow/dags
[2025-11-24T17:48:30.473+0000] {manager.py:879} INFO - 
================================================================================
DAG File Processing Stats

File Path                                   PID  Runtime      # DAGs    # Errors  Last Runtime    Last Run
----------------------------------------  -----  ---------  --------  ----------  --------------  -------------------
/opt/airflow/dags/github_pipeline_dag.py    702  0.00s             1           0  0.07s           2025-11-24T17:48:00
================================================================================
[2025-11-24T17:49:00.561+0000] {manager.py:879} INFO - 
================================================================================
DAG File Processing Stats

File Path                                   PID  Runtime      # DAGs    # Errors  Last Runtime    Last Run
----------------------------------------  -----  ---------  --------  ----------  --------------  -------------------
/opt/airflow/dags/github_pipeline_dag.py    754  0.00s             1           0  0.06s           2025-11-24T17:48:30
================================================================================
[2025-11-24T17:49:30.689+0000] {manager.py:879} INFO - 
================================================================================
DAG File Processing Stats

File Path                                   PID  Runtime      # DAGs    # Errors  Last Runtime    Last Run
----------------------------------------  -----  ---------  --------  ----------  --------------  -------------------
/opt/airflow/dags/github_pipeline_dag.py    759  0.00s             1           0  0.06s           2025-11-24T17:49:00
================================================================================
[2025-11-24T17:49:40.537+0000] {manager.py:451} INFO - Exiting gracefully upon receiving signal 15
[2025-11-24T18:52:37.743+0000] {manager.py:469} INFO - Processing files using up to 2 processes at a time 
[2025-11-24T18:52:37.744+0000] {manager.py:470} INFO - Process each file at most once every 30 seconds
[2025-11-24T18:52:37.744+0000] {manager.py:471} INFO - Checking for new files in /opt/airflow/dags every 300 seconds
[2025-11-24T18:52:37.744+0000] {manager.py:738} INFO - Searching for files in /opt/airflow/dags
[2025-11-24T18:52:37.745+0000] {manager.py:741} INFO - There are 1 files in /opt/airflow/dags
[2025-11-24T18:52:37.805+0000] {manager.py:879} INFO - 
================================================================================
DAG File Processing Stats

File Path                                   PID  Runtime      # DAGs    # Errors  Last Runtime    Last Run
----------------------------------------  -----  ---------  --------  ----------  --------------  ----------
/opt/airflow/dags/github_pipeline_dag.py    166  0.03s             0           0
================================================================================
[2025-11-24T18:53:07.884+0000] {manager.py:879} INFO - 
================================================================================
DAG File Processing Stats

File Path                                 PID    Runtime      # DAGs    # Errors  Last Runtime    Last Run
----------------------------------------  -----  ---------  --------  ----------  --------------  -------------------
/opt/airflow/dags/github_pipeline_dag.py                           1           0  0.25s           2025-11-24T18:52:38
================================================================================
[2025-11-24T18:53:38.196+0000] {manager.py:879} INFO - 
================================================================================
DAG File Processing Stats

File Path                                 PID    Runtime      # DAGs    # Errors  Last Runtime    Last Run
----------------------------------------  -----  ---------  --------  ----------  --------------  -------------------
/opt/airflow/dags/github_pipeline_dag.py                           1           0  0.12s           2025-11-24T18:53:08
================================================================================
[2025-11-24T18:54:08.388+0000] {manager.py:879} INFO - 
================================================================================
DAG File Processing Stats

File Path                                   PID  Runtime      # DAGs    # Errors  Last Runtime    Last Run
----------------------------------------  -----  ---------  --------  ----------  --------------  -------------------
/opt/airflow/dags/github_pipeline_dag.py    598  0.00s             1           0  0.08s           2025-11-24T18:53:38
================================================================================
[2025-11-24T18:54:38.531+0000] {manager.py:879} INFO - 
================================================================================
DAG File Processing Stats

File Path                                   PID  Runtime      # DAGs    # Errors  Last Runtime    Last Run
----------------------------------------  -----  ---------  --------  ----------  --------------  -------------------
/opt/airflow/dags/github_pipeline_dag.py    603  0.00s             1           0  0.06s           2025-11-24T18:54:08
================================================================================
[2025-11-24T18:55:08.623+0000] {manager.py:879} INFO - 
================================================================================
DAG File Processing Stats

File Path                                   PID  Runtime      # DAGs    # Errors  Last Runtime    Last Run
----------------------------------------  -----  ---------  --------  ----------  --------------  -------------------
/opt/airflow/dags/github_pipeline_dag.py    655  0.00s             1           0  0.07s           2025-11-24T18:54:38
================================================================================
[2025-11-24T18:55:38.751+0000] {manager.py:879} INFO - 
================================================================================
DAG File Processing Stats

File Path                                   PID  Runtime      # DAGs    # Errors  Last Runtime    Last Run
----------------------------------------  -----  ---------  --------  ----------  --------------  -------------------
/opt/airflow/dags/github_pipeline_dag.py    665  0.00s             1           0  0.07s           2025-11-24T18:55:08
================================================================================
[2025-11-24T18:56:08.839+0000] {manager.py:879} INFO - 
================================================================================
DAG File Processing Stats

File Path                                   PID  Runtime      # DAGs    # Errors  Last Runtime    Last Run
----------------------------------------  -----  ---------  --------  ----------  --------------  -------------------
/opt/airflow/dags/github_pipeline_dag.py    714  0.00s             1           0  0.06s           2025-11-24T18:55:38
================================================================================
[2025-11-24T18:56:38.968+0000] {manager.py:879} INFO - 
================================================================================
DAG File Processing Stats

File Path                                   PID  Runtime      # DAGs    # Errors  Last Runtime    Last Run
----------------------------------------  -----  ---------  --------  ----------  --------------  -------------------
/opt/airflow/dags/github_pipeline_dag.py    724  0.00s             1           0  0.06s           2025-11-24T18:56:08
================================================================================
[2025-11-24T18:57:09.058+0000] {manager.py:879} INFO - 
================================================================================
DAG File Processing Stats

File Path                                   PID  Runtime      # DAGs    # Errors  Last Runtime    Last Run
----------------------------------------  -----  ---------  --------  ----------  --------------  -------------------
/opt/airflow/dags/github_pipeline_dag.py    772  0.00s             1           0  0.07s           2025-11-24T18:56:39
================================================================================
[2025-11-24T18:57:38.177+0000] {manager.py:738} INFO - Searching for files in /opt/airflow/dags
[2025-11-24T18:57:38.178+0000] {manager.py:741} INFO - There are 1 files in /opt/airflow/dags
[2025-11-24T18:57:39.191+0000] {manager.py:879} INFO - 
================================================================================
DAG File Processing Stats

File Path                                   PID  Runtime      # DAGs    # Errors  Last Runtime    Last Run
----------------------------------------  -----  ---------  --------  ----------  --------------  -------------------
/opt/airflow/dags/github_pipeline_dag.py    782  0.00s             1           0  0.07s           2025-11-24T18:57:09
================================================================================
[2025-11-24T18:58:09.281+0000] {manager.py:879} INFO - 
================================================================================
DAG File Processing Stats

File Path                                   PID  Runtime      # DAGs    # Errors  Last Runtime    Last Run
----------------------------------------  -----  ---------  --------  ----------  --------------  -------------------
/opt/airflow/dags/github_pipeline_dag.py    834  0.00s             1           0  0.07s           2025-11-24T18:57:39
================================================================================
[2025-11-24T18:58:39.408+0000] {manager.py:879} INFO - 
================================================================================
DAG File Processing Stats

File Path                                   PID  Runtime      # DAGs    # Errors  Last Runtime    Last Run
----------------------------------------  -----  ---------  --------  ----------  --------------  -------------------
/opt/airflow/dags/github_pipeline_dag.py    839  0.00s             1           0  0.06s           2025-11-24T18:58:09
================================================================================
[2025-11-24T18:59:09.498+0000] {manager.py:879} INFO - 
================================================================================
DAG File Processing Stats

File Path                                   PID  Runtime      # DAGs    # Errors  Last Runtime    Last Run
----------------------------------------  -----  ---------  --------  ----------  --------------  -------------------
/opt/airflow/dags/github_pipeline_dag.py    937  0.00s             1           0  0.08s           2025-11-24T18:58:39
================================================================================
[2025-11-24T18:59:39.632+0000] {manager.py:879} INFO - 
================================================================================
DAG File Processing Stats

File Path                                   PID  Runtime      # DAGs    # Errors  Last Runtime    Last Run
----------------------------------------  -----  ---------  --------  ----------  --------------  -------------------
/opt/airflow/dags/github_pipeline_dag.py    942  0.00s             1           0  0.07s           2025-11-24T18:59:09
================================================================================
[2025-11-24T19:00:09.723+0000] {manager.py:879} INFO - 
================================================================================
DAG File Processing Stats

File Path                                   PID  Runtime      # DAGs    # Errors  Last Runtime    Last Run
----------------------------------------  -----  ---------  --------  ----------  --------------  -------------------
/opt/airflow/dags/github_pipeline_dag.py    993  0.00s             1           0  0.07s           2025-11-24T18:59:39
================================================================================
[2025-11-24T19:00:39.846+0000] {manager.py:879} INFO - 
================================================================================
DAG File Processing Stats

File Path                                   PID  Runtime      # DAGs    # Errors  Last Runtime    Last Run
----------------------------------------  -----  ---------  --------  ----------  --------------  -------------------
/opt/airflow/dags/github_pipeline_dag.py    998  0.00s             1           0  0.07s           2025-11-24T19:00:09
================================================================================
[2025-11-24T19:01:09.939+0000] {manager.py:879} INFO - 
================================================================================
DAG File Processing Stats

File Path                                   PID  Runtime      # DAGs    # Errors  Last Runtime    Last Run
----------------------------------------  -----  ---------  --------  ----------  --------------  -------------------
/opt/airflow/dags/github_pipeline_dag.py   1050  0.00s             1           0  0.06s           2025-11-24T19:00:39
================================================================================
[2025-11-24T19:01:40.050+0000] {manager.py:879} INFO - 
================================================================================
DAG File Processing Stats

File Path                                   PID  Runtime      # DAGs    # Errors  Last Runtime    Last Run
----------------------------------------  -----  ---------  --------  ----------  --------------  -------------------
/opt/airflow/dags/github_pipeline_dag.py   1055  0.00s             1           0  0.07s           2025-11-24T19:01:10
================================================================================
[2025-11-24T19:02:10.156+0000] {manager.py:879} INFO - 
================================================================================
DAG File Processing Stats

File Path                                   PID  Runtime      # DAGs    # Errors  Last Runtime    Last Run
----------------------------------------  -----  ---------  --------  ----------  --------------  -------------------
/opt/airflow/dags/github_pipeline_dag.py   1107  0.00s             1           0  0.06s           2025-11-24T19:01:40
================================================================================
[2025-11-24T19:02:38.252+0000] {manager.py:738} INFO - Searching for files in /opt/airflow/dags
[2025-11-24T19:02:38.253+0000] {manager.py:741} INFO - There are 1 files in /opt/airflow/dags
[2025-11-24T19:02:40.270+0000] {manager.py:879} INFO - 
================================================================================
DAG File Processing Stats

File Path                                   PID  Runtime      # DAGs    # Errors  Last Runtime    Last Run
----------------------------------------  -----  ---------  --------  ----------  --------------  -------------------
/opt/airflow/dags/github_pipeline_dag.py   1112  0.00s             1           0  0.06s           2025-11-24T19:02:10
================================================================================
[2025-11-24T19:03:10.367+0000] {manager.py:879} INFO - 
================================================================================
DAG File Processing Stats

File Path                                   PID  Runtime      # DAGs    # Errors  Last Runtime    Last Run
----------------------------------------  -----  ---------  --------  ----------  --------------  -------------------
/opt/airflow/dags/github_pipeline_dag.py   1209  0.00s             1           0  0.06s           2025-11-24T19:02:40
================================================================================
[2025-11-24T19:03:36.305+0000] {manager.py:451} INFO - Exiting gracefully upon receiving signal 15
[2025-11-24T19:04:23.607+0000] {manager.py:469} INFO - Processing files using up to 2 processes at a time 
[2025-11-24T19:04:23.607+0000] {manager.py:470} INFO - Process each file at most once every 30 seconds
[2025-11-24T19:04:23.608+0000] {manager.py:471} INFO - Checking for new files in /opt/airflow/dags every 300 seconds
[2025-11-24T19:04:23.608+0000] {manager.py:738} INFO - Searching for files in /opt/airflow/dags
[2025-11-24T19:04:23.610+0000] {manager.py:741} INFO - There are 1 files in /opt/airflow/dags
[2025-11-24T19:04:23.681+0000] {manager.py:879} INFO - 
================================================================================
DAG File Processing Stats

File Path                                   PID  Runtime      # DAGs    # Errors  Last Runtime    Last Run
----------------------------------------  -----  ---------  --------  ----------  --------------  ----------
/opt/airflow/dags/github_pipeline_dag.py    166  0.03s             0           0
================================================================================
[2025-11-24T19:04:53.763+0000] {manager.py:879} INFO - 
================================================================================
DAG File Processing Stats

File Path                                 PID    Runtime      # DAGs    # Errors  Last Runtime    Last Run
----------------------------------------  -----  ---------  --------  ----------  --------------  -------------------
/opt/airflow/dags/github_pipeline_dag.py                           1           0  0.27s           2025-11-24T19:04:23
================================================================================
[2025-11-24T19:05:24.087+0000] {manager.py:879} INFO - 
================================================================================
DAG File Processing Stats

File Path                                 PID    Runtime      # DAGs    # Errors  Last Runtime    Last Run
----------------------------------------  -----  ---------  --------  ----------  --------------  -------------------
/opt/airflow/dags/github_pipeline_dag.py                           1           0  0.12s           2025-11-24T19:04:54
================================================================================
[2025-11-24T19:05:54.285+0000] {manager.py:879} INFO - 
================================================================================
DAG File Processing Stats

File Path                                   PID  Runtime      # DAGs    # Errors  Last Runtime    Last Run
----------------------------------------  -----  ---------  --------  ----------  --------------  -------------------
/opt/airflow/dags/github_pipeline_dag.py    182  0.00s             1           0  0.07s           2025-11-24T19:05:24
================================================================================
[2025-11-24T19:06:24.444+0000] {manager.py:879} INFO - 
================================================================================
DAG File Processing Stats

File Path                                   PID  Runtime      # DAGs    # Errors  Last Runtime    Last Run
----------------------------------------  -----  ---------  --------  ----------  --------------  -------------------
/opt/airflow/dags/github_pipeline_dag.py    187  0.00s             1           0  0.06s           2025-11-24T19:05:54
================================================================================
[2025-11-24T19:06:54.546+0000] {manager.py:879} INFO - 
================================================================================
DAG File Processing Stats

File Path                                   PID  Runtime      # DAGs    # Errors  Last Runtime    Last Run
----------------------------------------  -----  ---------  --------  ----------  --------------  -------------------
/opt/airflow/dags/github_pipeline_dag.py    197  0.00s             1           0  0.06s           2025-11-24T19:06:24
================================================================================
[2025-11-24T19:07:24.668+0000] {manager.py:879} INFO - 
================================================================================
DAG File Processing Stats

File Path                                   PID  Runtime      # DAGs    # Errors  Last Runtime    Last Run
----------------------------------------  -----  ---------  --------  ----------  --------------  -------------------
/opt/airflow/dags/github_pipeline_dag.py    456  0.00s             1           0  0.07s           2025-11-24T19:06:54
================================================================================
[2025-11-24T19:07:54.770+0000] {manager.py:879} INFO - 
================================================================================
DAG File Processing Stats

File Path                                   PID  Runtime      # DAGs    # Errors  Last Runtime    Last Run
----------------------------------------  -----  ---------  --------  ----------  --------------  -------------------
/opt/airflow/dags/github_pipeline_dag.py    558  0.00s             1           0  0.07s           2025-11-24T19:07:24
================================================================================
[2025-11-24T19:08:24.881+0000] {manager.py:879} INFO - 
================================================================================
DAG File Processing Stats

File Path                                   PID  Runtime      # DAGs    # Errors  Last Runtime    Last Run
----------------------------------------  -----  ---------  --------  ----------  --------------  -------------------
/opt/airflow/dags/github_pipeline_dag.py    662  0.00s             1           0  0.06s           2025-11-24T19:07:54
================================================================================
[2025-11-24T19:08:30.398+0000] {manager.py:451} INFO - Exiting gracefully upon receiving signal 15
[2025-11-24T19:24:33.520+0000] {manager.py:469} INFO - Processing files using up to 2 processes at a time 
[2025-11-24T19:24:33.520+0000] {manager.py:470} INFO - Process each file at most once every 30 seconds
[2025-11-24T19:24:33.520+0000] {manager.py:471} INFO - Checking for new files in /opt/airflow/dags every 300 seconds
[2025-11-24T19:24:33.521+0000] {manager.py:738} INFO - Searching for files in /opt/airflow/dags
[2025-11-24T19:24:33.522+0000] {manager.py:741} INFO - There are 1 files in /opt/airflow/dags
[2025-11-24T19:24:33.577+0000] {manager.py:879} INFO - 
================================================================================
DAG File Processing Stats

File Path                                   PID  Runtime      # DAGs    # Errors  Last Runtime    Last Run
----------------------------------------  -----  ---------  --------  ----------  --------------  ----------
/opt/airflow/dags/github_pipeline_dag.py    166  0.03s             0           0
================================================================================
[2025-11-24T19:25:03.671+0000] {manager.py:879} INFO - 
================================================================================
DAG File Processing Stats

File Path                                 PID    Runtime      # DAGs    # Errors  Last Runtime    Last Run
----------------------------------------  -----  ---------  --------  ----------  --------------  -------------------
/opt/airflow/dags/github_pipeline_dag.py                           1           0  0.31s           2025-11-24T19:24:33
================================================================================
[2025-11-24T19:25:19.481+0000] {manager.py:451} INFO - Exiting gracefully upon receiving signal 15
