[2025-11-24T18:52:39.047+0000] {taskinstance.py:1956} INFO - Dependencies all met for dep_context=non-requeueable deps ti=<TaskInstance: github_events_pipeline.fetch_github_events manual__2025-11-24T17:44:25.860838+00:00 [queued]>
[2025-11-24T18:52:39.055+0000] {taskinstance.py:1956} INFO - Dependencies all met for dep_context=requeueable deps ti=<TaskInstance: github_events_pipeline.fetch_github_events manual__2025-11-24T17:44:25.860838+00:00 [queued]>
[2025-11-24T18:52:39.055+0000] {taskinstance.py:2170} INFO - Starting attempt 2 of 2
[2025-11-24T18:52:39.068+0000] {taskinstance.py:2191} INFO - Executing <Task(BashOperator): fetch_github_events> on 2025-11-24 17:44:25.860838+00:00
[2025-11-24T18:52:39.071+0000] {standard_task_runner.py:60} INFO - Started process 175 to run task
[2025-11-24T18:52:39.074+0000] {standard_task_runner.py:87} INFO - Running: ['airflow', 'tasks', 'run', 'github_events_pipeline', 'fetch_github_events', 'manual__2025-11-24T17:44:25.860838+00:00', '--job-id', '13', '--raw', '--subdir', 'DAGS_FOLDER/github_pipeline_dag.py', '--cfg-path', '/tmp/tmpg2qzv8l_']
[2025-11-24T18:52:39.075+0000] {standard_task_runner.py:88} INFO - Job 13: Subtask fetch_github_events
[2025-11-24T18:52:39.118+0000] {task_command.py:423} INFO - Running <TaskInstance: github_events_pipeline.fetch_github_events manual__2025-11-24T17:44:25.860838+00:00 [running]> on host 33c6f0971585
[2025-11-24T18:52:39.188+0000] {taskinstance.py:2480} INFO - Exporting env vars: AIRFLOW_CTX_DAG_OWNER='airflow' AIRFLOW_CTX_DAG_ID='github_events_pipeline' AIRFLOW_CTX_TASK_ID='fetch_github_events' AIRFLOW_CTX_EXECUTION_DATE='2025-11-24T17:44:25.860838+00:00' AIRFLOW_CTX_TRY_NUMBER='2' AIRFLOW_CTX_DAG_RUN_ID='manual__2025-11-24T17:44:25.860838+00:00'
[2025-11-24T18:52:39.189+0000] {subprocess.py:63} INFO - Tmp dir root location: /tmp
[2025-11-24T18:52:39.189+0000] {subprocess.py:75} INFO - Running command: ['/usr/bin/bash', '-c', 'python3 /opt/airflow/dags/github_producer.py']
[2025-11-24T18:52:39.196+0000] {subprocess.py:86} INFO - Output:
[2025-11-24T19:03:35.297+0000] {local_task_job_runner.py:121} ERROR - Received SIGTERM. Terminating subprocesses
[2025-11-24T19:03:35.308+0000] {process_utils.py:131} INFO - Sending 15 to group 175. PIDs of all processes in the group: [176, 175]
[2025-11-24T19:03:35.309+0000] {process_utils.py:86} INFO - Sending the signal 15 to group 175
[2025-11-24T19:03:35.309+0000] {taskinstance.py:2450} ERROR - Received SIGTERM. Terminating subprocesses.
[2025-11-24T19:03:35.310+0000] {subprocess.py:104} INFO - Sending SIGTERM signal to process group
[2025-11-24T19:03:35.335+0000] {taskinstance.py:2698} ERROR - Task failed with exception
Traceback (most recent call last):
  File "/home/airflow/.local/lib/python3.8/site-packages/airflow/models/taskinstance.py", line 433, in _execute_task
    result = execute_callable(context=context, **execute_callable_kwargs)
  File "/home/airflow/.local/lib/python3.8/site-packages/airflow/operators/bash.py", line 203, in execute
    result = self.subprocess_hook.run_command(
  File "/home/airflow/.local/lib/python3.8/site-packages/airflow/hooks/subprocess.py", line 91, in run_command
    for raw_line in iter(self.sub_process.stdout.readline, b""):
  File "/home/airflow/.local/lib/python3.8/site-packages/airflow/models/taskinstance.py", line 2452, in signal_handler
    raise AirflowException("Task received SIGTERM signal")
airflow.exceptions.AirflowException: Task received SIGTERM signal
[2025-11-24T19:03:35.348+0000] {taskinstance.py:1138} INFO - Marking task as FAILED. dag_id=github_events_pipeline, task_id=fetch_github_events, execution_date=20251124T174425, start_date=20251124T185239, end_date=20251124T190335
[2025-11-24T19:03:35.368+0000] {standard_task_runner.py:107} ERROR - Failed to execute job 13 for task fetch_github_events (Task received SIGTERM signal; 175)
[2025-11-24T19:03:35.404+0000] {process_utils.py:79} INFO - Process psutil.Process(pid=175, status='terminated', exitcode=1, started='18:52:38') (175) terminated with exit code 1
[2025-11-24T19:03:35.405+0000] {process_utils.py:79} INFO - Process psutil.Process(pid=176, status='terminated', started='18:52:38') (176) terminated with exit code None
[2025-11-24T19:03:35.405+0000] {local_task_job_runner.py:234} INFO - Task exited with return code 143
[2025-11-24T19:03:35.432+0000] {taskinstance.py:3280} INFO - 0 downstream tasks scheduled from follow-on schedule check
