[2025-11-24T18:52:39.033+0000] {taskinstance.py:1956} INFO - Dependencies all met for dep_context=non-requeueable deps ti=<TaskInstance: github_events_pipeline.spark_consumer manual__2025-11-24T17:44:25.860838+00:00 [queued]>
[2025-11-24T18:52:39.040+0000] {taskinstance.py:1956} INFO - Dependencies all met for dep_context=requeueable deps ti=<TaskInstance: github_events_pipeline.spark_consumer manual__2025-11-24T17:44:25.860838+00:00 [queued]>
[2025-11-24T18:52:39.040+0000] {taskinstance.py:2170} INFO - Starting attempt 2 of 2
[2025-11-24T18:52:39.052+0000] {taskinstance.py:2191} INFO - Executing <Task(BashOperator): spark_consumer> on 2025-11-24 17:44:25.860838+00:00
[2025-11-24T18:52:39.056+0000] {standard_task_runner.py:60} INFO - Started process 174 to run task
[2025-11-24T18:52:39.058+0000] {standard_task_runner.py:87} INFO - Running: ['airflow', 'tasks', 'run', 'github_events_pipeline', 'spark_consumer', 'manual__2025-11-24T17:44:25.860838+00:00', '--job-id', '12', '--raw', '--subdir', 'DAGS_FOLDER/github_pipeline_dag.py', '--cfg-path', '/tmp/tmpogpccmg4']
[2025-11-24T18:52:39.059+0000] {standard_task_runner.py:88} INFO - Job 12: Subtask spark_consumer
[2025-11-24T18:52:39.111+0000] {task_command.py:423} INFO - Running <TaskInstance: github_events_pipeline.spark_consumer manual__2025-11-24T17:44:25.860838+00:00 [running]> on host 33c6f0971585
[2025-11-24T18:52:39.205+0000] {taskinstance.py:2480} INFO - Exporting env vars: AIRFLOW_CTX_DAG_OWNER='airflow' AIRFLOW_CTX_DAG_ID='github_events_pipeline' AIRFLOW_CTX_TASK_ID='spark_consumer' AIRFLOW_CTX_EXECUTION_DATE='2025-11-24T17:44:25.860838+00:00' AIRFLOW_CTX_TRY_NUMBER='2' AIRFLOW_CTX_DAG_RUN_ID='manual__2025-11-24T17:44:25.860838+00:00'
[2025-11-24T18:52:39.206+0000] {subprocess.py:63} INFO - Tmp dir root location: /tmp
[2025-11-24T18:52:39.206+0000] {subprocess.py:75} INFO - Running command: ['/usr/bin/bash', '-c', 'python3 /opt/airflow/dags/spark_consumer.py']
[2025-11-24T18:52:39.215+0000] {subprocess.py:86} INFO - Output:
[2025-11-24T18:52:40.778+0000] {subprocess.py:93} INFO - :: loading settings :: url = jar:file:/home/airflow/.local/lib/python3.8/site-packages/pyspark/jars/ivy-2.5.1.jar!/org/apache/ivy/core/settings/ivysettings.xml
[2025-11-24T18:52:40.857+0000] {subprocess.py:93} INFO - Ivy Default Cache set to: /home/airflow/.ivy2/cache
[2025-11-24T18:52:40.858+0000] {subprocess.py:93} INFO - The jars for the packages stored in: /home/airflow/.ivy2/jars
[2025-11-24T18:52:40.862+0000] {subprocess.py:93} INFO - org.apache.spark#spark-sql-kafka-0-10_2.12 added as a dependency
[2025-11-24T18:52:40.862+0000] {subprocess.py:93} INFO - org.apache.kafka#kafka-clients added as a dependency
[2025-11-24T18:52:40.863+0000] {subprocess.py:93} INFO - org.apache.spark#spark-token-provider-kafka-0-10_2.12 added as a dependency
[2025-11-24T18:52:40.863+0000] {subprocess.py:93} INFO - org.apache.commons#commons-pool2 added as a dependency
[2025-11-24T18:52:40.863+0000] {subprocess.py:93} INFO - org.postgresql#postgresql added as a dependency
[2025-11-24T18:52:40.863+0000] {subprocess.py:93} INFO - :: resolving dependencies :: org.apache.spark#spark-submit-parent-c1a257da-c906-4d1c-b443-f89a2f19fc5c;1.0
[2025-11-24T18:52:40.863+0000] {subprocess.py:93} INFO - 	confs: [default]
[2025-11-24T18:52:44.767+0000] {subprocess.py:93} INFO - 	found org.apache.spark#spark-sql-kafka-0-10_2.12;3.5.0 in central
[2025-11-24T18:52:45.228+0000] {subprocess.py:93} INFO - 	found org.apache.spark#spark-token-provider-kafka-0-10_2.12;3.5.0 in central
[2025-11-24T18:52:47.991+0000] {subprocess.py:93} INFO - 	found org.apache.hadoop#hadoop-client-runtime;3.3.4 in central
[2025-11-24T18:52:48.321+0000] {subprocess.py:93} INFO - 	found org.apache.hadoop#hadoop-client-api;3.3.4 in central
[2025-11-24T18:52:48.657+0000] {subprocess.py:93} INFO - 	found org.xerial.snappy#snappy-java;1.1.10.3 in central
[2025-11-24T18:52:51.093+0000] {subprocess.py:93} INFO - 	found org.slf4j#slf4j-api;2.0.7 in central
[2025-11-24T18:52:53.689+0000] {subprocess.py:93} INFO - 	found commons-logging#commons-logging;1.1.3 in central
[2025-11-24T18:52:53.862+0000] {subprocess.py:93} INFO - 	found com.google.code.findbugs#jsr305;3.0.0 in central
[2025-11-24T18:52:56.148+0000] {subprocess.py:93} INFO - 	found org.apache.commons#commons-pool2;2.11.1 in central
[2025-11-24T18:52:56.292+0000] {subprocess.py:93} INFO - 	found org.apache.kafka#kafka-clients;3.5.1 in central
[2025-11-24T18:52:56.581+0000] {subprocess.py:93} INFO - 	found com.github.luben#zstd-jni;1.5.5-1 in central
[2025-11-24T18:52:56.934+0000] {subprocess.py:93} INFO - 	found org.lz4#lz4-java;1.8.0 in central
[2025-11-24T18:52:57.299+0000] {subprocess.py:93} INFO - 	found org.postgresql#postgresql;42.6.0 in central
[2025-11-24T18:52:58.022+0000] {subprocess.py:93} INFO - 	found org.checkerframework#checker-qual;3.31.0 in central
[2025-11-24T18:52:58.472+0000] {subprocess.py:93} INFO - downloading https://repo1.maven.org/maven2/org/apache/spark/spark-sql-kafka-0-10_2.12/3.5.0/spark-sql-kafka-0-10_2.12-3.5.0.jar ...
[2025-11-24T18:52:59.669+0000] {subprocess.py:93} INFO - 	[SUCCESSFUL ] org.apache.spark#spark-sql-kafka-0-10_2.12;3.5.0!spark-sql-kafka-0-10_2.12.jar (1641ms)
[2025-11-24T18:52:59.885+0000] {subprocess.py:93} INFO - downloading https://repo1.maven.org/maven2/org/apache/kafka/kafka-clients/3.5.1/kafka-clients-3.5.1.jar ...
[2025-11-24T18:53:06.067+0000] {subprocess.py:93} INFO - 	[SUCCESSFUL ] org.apache.kafka#kafka-clients;3.5.1!kafka-clients.jar (6398ms)
[2025-11-24T18:53:06.217+0000] {subprocess.py:93} INFO - downloading https://repo1.maven.org/maven2/org/apache/spark/spark-token-provider-kafka-0-10_2.12/3.5.0/spark-token-provider-kafka-0-10_2.12-3.5.0.jar ...
[2025-11-24T18:53:06.459+0000] {subprocess.py:93} INFO - 	[SUCCESSFUL ] org.apache.spark#spark-token-provider-kafka-0-10_2.12;3.5.0!spark-token-provider-kafka-0-10_2.12.jar (392ms)
[2025-11-24T18:53:06.542+0000] {subprocess.py:93} INFO - downloading https://repo1.maven.org/maven2/org/apache/commons/commons-pool2/2.11.1/commons-pool2-2.11.1.jar ...
[2025-11-24T18:53:06.715+0000] {subprocess.py:93} INFO - 	[SUCCESSFUL ] org.apache.commons#commons-pool2;2.11.1!commons-pool2.jar (256ms)
[2025-11-24T18:53:06.815+0000] {subprocess.py:93} INFO - downloading https://repo1.maven.org/maven2/org/postgresql/postgresql/42.6.0/postgresql-42.6.0.jar ...
[2025-11-24T18:53:08.106+0000] {subprocess.py:93} INFO - 	[SUCCESSFUL ] org.postgresql#postgresql;42.6.0!postgresql.jar (1391ms)
[2025-11-24T18:53:08.199+0000] {subprocess.py:93} INFO - downloading https://repo1.maven.org/maven2/com/google/code/findbugs/jsr305/3.0.0/jsr305-3.0.0.jar ...
[2025-11-24T18:53:08.368+0000] {subprocess.py:93} INFO - 	[SUCCESSFUL ] com.google.code.findbugs#jsr305;3.0.0!jsr305.jar (261ms)
[2025-11-24T18:53:08.452+0000] {subprocess.py:93} INFO - downloading https://repo1.maven.org/maven2/org/apache/hadoop/hadoop-client-runtime/3.3.4/hadoop-client-runtime-3.3.4.jar ...
[2025-11-24T18:53:21.979+0000] {subprocess.py:93} INFO - 	[SUCCESSFUL ] org.apache.hadoop#hadoop-client-runtime;3.3.4!hadoop-client-runtime.jar (13611ms)
[2025-11-24T18:53:22.080+0000] {subprocess.py:93} INFO - downloading https://repo1.maven.org/maven2/org/apache/hadoop/hadoop-client-api/3.3.4/hadoop-client-api-3.3.4.jar ...
[2025-11-24T18:53:26.782+0000] {subprocess.py:93} INFO - 	[SUCCESSFUL ] org.apache.hadoop#hadoop-client-api;3.3.4!hadoop-client-api.jar (4802ms)
[2025-11-24T18:53:27.087+0000] {subprocess.py:93} INFO - downloading https://repo1.maven.org/maven2/org/xerial/snappy/snappy-java/1.1.10.3/snappy-java-1.1.10.3.jar ...
[2025-11-24T18:53:27.819+0000] {subprocess.py:93} INFO - 	[SUCCESSFUL ] org.xerial.snappy#snappy-java;1.1.10.3!snappy-java.jar(bundle) (1035ms)
[2025-11-24T18:53:28.463+0000] {subprocess.py:93} INFO - downloading https://repo1.maven.org/maven2/org/slf4j/slf4j-api/2.0.7/slf4j-api-2.0.7.jar ...
[2025-11-24T18:53:28.657+0000] {subprocess.py:93} INFO - 	[SUCCESSFUL ] org.slf4j#slf4j-api;2.0.7!slf4j-api.jar (838ms)
[2025-11-24T18:53:28.740+0000] {subprocess.py:93} INFO - downloading https://repo1.maven.org/maven2/commons-logging/commons-logging/1.1.3/commons-logging-1.1.3.jar ...
[2025-11-24T18:53:29.007+0000] {subprocess.py:93} INFO - 	[SUCCESSFUL ] commons-logging#commons-logging;1.1.3!commons-logging.jar (350ms)
[2025-11-24T18:53:29.323+0000] {subprocess.py:93} INFO - downloading https://repo1.maven.org/maven2/com/github/luben/zstd-jni/1.5.5-1/zstd-jni-1.5.5-1.jar ...
[2025-11-24T18:53:32.008+0000] {subprocess.py:93} INFO - 	[SUCCESSFUL ] com.github.luben#zstd-jni;1.5.5-1!zstd-jni.jar (3001ms)
[2025-11-24T18:53:32.120+0000] {subprocess.py:93} INFO - downloading https://repo1.maven.org/maven2/org/lz4/lz4-java/1.8.0/lz4-java-1.8.0.jar ...
[2025-11-24T18:53:32.433+0000] {subprocess.py:93} INFO - 	[SUCCESSFUL ] org.lz4#lz4-java;1.8.0!lz4-java.jar (424ms)
[2025-11-24T18:53:32.521+0000] {subprocess.py:93} INFO - downloading https://repo1.maven.org/maven2/org/checkerframework/checker-qual/3.31.0/checker-qual-3.31.0.jar ...
[2025-11-24T18:53:32.670+0000] {subprocess.py:93} INFO - 	[SUCCESSFUL ] org.checkerframework#checker-qual;3.31.0!checker-qual.jar (236ms)
[2025-11-24T18:53:32.670+0000] {subprocess.py:93} INFO - :: resolution report :: resolve 17164ms :: artifacts dl 34643ms
[2025-11-24T18:53:32.670+0000] {subprocess.py:93} INFO - 	:: modules in use:
[2025-11-24T18:53:32.670+0000] {subprocess.py:93} INFO - 	com.github.luben#zstd-jni;1.5.5-1 from central in [default]
[2025-11-24T18:53:32.670+0000] {subprocess.py:93} INFO - 	com.google.code.findbugs#jsr305;3.0.0 from central in [default]
[2025-11-24T18:53:32.670+0000] {subprocess.py:93} INFO - 	commons-logging#commons-logging;1.1.3 from central in [default]
[2025-11-24T18:53:32.671+0000] {subprocess.py:93} INFO - 	org.apache.commons#commons-pool2;2.11.1 from central in [default]
[2025-11-24T18:53:32.671+0000] {subprocess.py:93} INFO - 	org.apache.hadoop#hadoop-client-api;3.3.4 from central in [default]
[2025-11-24T18:53:32.671+0000] {subprocess.py:93} INFO - 	org.apache.hadoop#hadoop-client-runtime;3.3.4 from central in [default]
[2025-11-24T18:53:32.671+0000] {subprocess.py:93} INFO - 	org.apache.kafka#kafka-clients;3.5.1 from central in [default]
[2025-11-24T18:53:32.671+0000] {subprocess.py:93} INFO - 	org.apache.spark#spark-sql-kafka-0-10_2.12;3.5.0 from central in [default]
[2025-11-24T18:53:32.672+0000] {subprocess.py:93} INFO - 	org.apache.spark#spark-token-provider-kafka-0-10_2.12;3.5.0 from central in [default]
[2025-11-24T18:53:32.672+0000] {subprocess.py:93} INFO - 	org.checkerframework#checker-qual;3.31.0 from central in [default]
[2025-11-24T18:53:32.672+0000] {subprocess.py:93} INFO - 	org.lz4#lz4-java;1.8.0 from central in [default]
[2025-11-24T18:53:32.672+0000] {subprocess.py:93} INFO - 	org.postgresql#postgresql;42.6.0 from central in [default]
[2025-11-24T18:53:32.672+0000] {subprocess.py:93} INFO - 	org.slf4j#slf4j-api;2.0.7 from central in [default]
[2025-11-24T18:53:32.672+0000] {subprocess.py:93} INFO - 	org.xerial.snappy#snappy-java;1.1.10.3 from central in [default]
[2025-11-24T18:53:32.673+0000] {subprocess.py:93} INFO - 	:: evicted modules:
[2025-11-24T18:53:32.673+0000] {subprocess.py:93} INFO - 	org.apache.kafka#kafka-clients;3.4.1 by [org.apache.kafka#kafka-clients;3.5.1] in [default]
[2025-11-24T18:53:32.673+0000] {subprocess.py:93} INFO - 	org.xerial.snappy#snappy-java;1.1.10.1 by [org.xerial.snappy#snappy-java;1.1.10.3] in [default]
[2025-11-24T18:53:32.673+0000] {subprocess.py:93} INFO - 	org.slf4j#slf4j-api;1.7.36 by [org.slf4j#slf4j-api;2.0.7] in [default]
[2025-11-24T18:53:32.673+0000] {subprocess.py:93} INFO - 	---------------------------------------------------------------------
[2025-11-24T18:53:32.673+0000] {subprocess.py:93} INFO - 	|                  |            modules            ||   artifacts   |
[2025-11-24T18:53:32.674+0000] {subprocess.py:93} INFO - 	|       conf       | number| search|dwnlded|evicted|| number|dwnlded|
[2025-11-24T18:53:32.674+0000] {subprocess.py:93} INFO - 	---------------------------------------------------------------------
[2025-11-24T18:53:32.674+0000] {subprocess.py:93} INFO - 	|      default     |   17  |   14  |   14  |   3   ||   14  |   14  |
[2025-11-24T18:53:32.674+0000] {subprocess.py:93} INFO - 	---------------------------------------------------------------------
[2025-11-24T18:53:32.676+0000] {subprocess.py:93} INFO - :: retrieving :: org.apache.spark#spark-submit-parent-c1a257da-c906-4d1c-b443-f89a2f19fc5c
[2025-11-24T18:53:32.676+0000] {subprocess.py:93} INFO - 	confs: [default]
[2025-11-24T18:53:32.740+0000] {subprocess.py:93} INFO - 	14 artifacts copied, 0 already retrieved (64076kB/64ms)
[2025-11-24T18:53:32.896+0000] {subprocess.py:93} INFO - 25/11/24 18:53:32 WARN NativeCodeLoader: Unable to load native-hadoop library for your platform... using builtin-java classes where applicable
[2025-11-24T18:53:33.071+0000] {subprocess.py:93} INFO - Setting default log level to "WARN".
[2025-11-24T18:53:33.072+0000] {subprocess.py:93} INFO - To adjust logging level use sc.setLogLevel(newLevel). For SparkR, use setLogLevel(newLevel).
[2025-11-24T18:53:35.937+0000] {subprocess.py:93} INFO - 25/11/24 18:53:35 WARN ResolveWriteToStream: Temporary checkpoint location created which is deleted normally when the query didn't fail: /tmp/temporary-7ddcb198-dc58-4182-92f2-a1efa2f6bc57. If it's required to delete it under any circumstances, please set spark.sql.streaming.forceDeleteTempCheckpointLocation to true. Important to know deleting temp checkpoint folder is best effort.
[2025-11-24T18:53:35.949+0000] {subprocess.py:93} INFO - 25/11/24 18:53:35 WARN ResolveWriteToStream: spark.sql.adaptive.enabled is not supported in streaming DataFrames/Datasets and will be disabled.
[2025-11-24T19:03:35.298+0000] {local_task_job_runner.py:121} ERROR - Received SIGTERM. Terminating subprocesses
[2025-11-24T19:03:35.309+0000] {process_utils.py:131} INFO - Sending 15 to group 174. PIDs of all processes in the group: [177, 186, 174]
[2025-11-24T19:03:35.309+0000] {process_utils.py:86} INFO - Sending the signal 15 to group 174
[2025-11-24T19:03:35.310+0000] {taskinstance.py:2450} ERROR - Received SIGTERM. Terminating subprocesses.
[2025-11-24T19:03:35.310+0000] {subprocess.py:104} INFO - Sending SIGTERM signal to process group
[2025-11-24T19:03:35.337+0000] {taskinstance.py:2698} ERROR - Task failed with exception
Traceback (most recent call last):
  File "/home/airflow/.local/lib/python3.8/site-packages/airflow/models/taskinstance.py", line 433, in _execute_task
    result = execute_callable(context=context, **execute_callable_kwargs)
  File "/home/airflow/.local/lib/python3.8/site-packages/airflow/operators/bash.py", line 203, in execute
    result = self.subprocess_hook.run_command(
  File "/home/airflow/.local/lib/python3.8/site-packages/airflow/hooks/subprocess.py", line 91, in run_command
    for raw_line in iter(self.sub_process.stdout.readline, b""):
  File "/home/airflow/.local/lib/python3.8/site-packages/airflow/models/taskinstance.py", line 2452, in signal_handler
    raise AirflowException("Task received SIGTERM signal")
airflow.exceptions.AirflowException: Task received SIGTERM signal
[2025-11-24T19:03:35.351+0000] {taskinstance.py:1138} INFO - Marking task as FAILED. dag_id=github_events_pipeline, task_id=spark_consumer, execution_date=20251124T174425, start_date=20251124T185239, end_date=20251124T190335
[2025-11-24T19:03:35.380+0000] {standard_task_runner.py:107} ERROR - Failed to execute job 12 for task spark_consumer (Task received SIGTERM signal; 174)
[2025-11-24T19:03:35.647+0000] {process_utils.py:79} INFO - Process psutil.Process(pid=174, status='terminated', exitcode=1, started='18:52:38') (174) terminated with exit code 1
[2025-11-24T19:03:35.648+0000] {process_utils.py:79} INFO - Process psutil.Process(pid=177, status='terminated', started='18:52:38') (177) terminated with exit code None
[2025-11-24T19:03:35.861+0000] {process_utils.py:79} INFO - Process psutil.Process(pid=186, status='terminated', started='18:52:38') (186) terminated with exit code None
[2025-11-24T19:03:35.861+0000] {local_task_job_runner.py:234} INFO - Task exited with return code 143
[2025-11-24T19:03:35.875+0000] {taskinstance.py:3280} INFO - 0 downstream tasks scheduled from follow-on schedule check
