[2025-11-24T17:44:27.686+0000] {taskinstance.py:1956} INFO - Dependencies all met for dep_context=non-requeueable deps ti=<TaskInstance: github_events_pipeline.spark_consumer manual__2025-11-24T17:44:25.860838+00:00 [queued]>
[2025-11-24T17:44:27.695+0000] {taskinstance.py:1956} INFO - Dependencies all met for dep_context=requeueable deps ti=<TaskInstance: github_events_pipeline.spark_consumer manual__2025-11-24T17:44:25.860838+00:00 [queued]>
[2025-11-24T17:44:27.695+0000] {taskinstance.py:2170} INFO - Starting attempt 1 of 2
[2025-11-24T17:44:27.711+0000] {taskinstance.py:2191} INFO - Executing <Task(BashOperator): spark_consumer> on 2025-11-24 17:44:25.860838+00:00
[2025-11-24T17:44:27.716+0000] {standard_task_runner.py:60} INFO - Started process 188 to run task
[2025-11-24T17:44:27.718+0000] {standard_task_runner.py:87} INFO - Running: ['airflow', 'tasks', 'run', 'github_events_pipeline', 'spark_consumer', 'manual__2025-11-24T17:44:25.860838+00:00', '--job-id', '10', '--raw', '--subdir', 'DAGS_FOLDER/github_pipeline_dag.py', '--cfg-path', '/tmp/tmpaiactsfi']
[2025-11-24T17:44:27.719+0000] {standard_task_runner.py:88} INFO - Job 10: Subtask spark_consumer
[2025-11-24T17:44:27.759+0000] {task_command.py:423} INFO - Running <TaskInstance: github_events_pipeline.spark_consumer manual__2025-11-24T17:44:25.860838+00:00 [running]> on host 7dbb4be0a8da
[2025-11-24T17:44:27.824+0000] {taskinstance.py:2480} INFO - Exporting env vars: AIRFLOW_CTX_DAG_OWNER='airflow' AIRFLOW_CTX_DAG_ID='github_events_pipeline' AIRFLOW_CTX_TASK_ID='spark_consumer' AIRFLOW_CTX_EXECUTION_DATE='2025-11-24T17:44:25.860838+00:00' AIRFLOW_CTX_TRY_NUMBER='1' AIRFLOW_CTX_DAG_RUN_ID='manual__2025-11-24T17:44:25.860838+00:00'
[2025-11-24T17:44:27.825+0000] {subprocess.py:63} INFO - Tmp dir root location: /tmp
[2025-11-24T17:44:27.825+0000] {subprocess.py:75} INFO - Running command: ['/usr/bin/bash', '-c', 'python3 /opt/airflow/dags/spark_consumer.py']
[2025-11-24T17:44:27.832+0000] {subprocess.py:86} INFO - Output:
[2025-11-24T17:44:29.158+0000] {subprocess.py:93} INFO - :: loading settings :: url = jar:file:/home/airflow/.local/lib/python3.8/site-packages/pyspark/jars/ivy-2.5.1.jar!/org/apache/ivy/core/settings/ivysettings.xml
[2025-11-24T17:44:29.214+0000] {subprocess.py:93} INFO - Ivy Default Cache set to: /home/airflow/.ivy2/cache
[2025-11-24T17:44:29.214+0000] {subprocess.py:93} INFO - The jars for the packages stored in: /home/airflow/.ivy2/jars
[2025-11-24T17:44:29.217+0000] {subprocess.py:93} INFO - org.apache.spark#spark-sql-kafka-0-10_2.12 added as a dependency
[2025-11-24T17:44:29.218+0000] {subprocess.py:93} INFO - org.apache.kafka#kafka-clients added as a dependency
[2025-11-24T17:44:29.218+0000] {subprocess.py:93} INFO - org.apache.spark#spark-token-provider-kafka-0-10_2.12 added as a dependency
[2025-11-24T17:44:29.218+0000] {subprocess.py:93} INFO - org.apache.commons#commons-pool2 added as a dependency
[2025-11-24T17:44:29.218+0000] {subprocess.py:93} INFO - org.postgresql#postgresql added as a dependency
[2025-11-24T17:44:29.219+0000] {subprocess.py:93} INFO - :: resolving dependencies :: org.apache.spark#spark-submit-parent-1b999447-6b03-4472-9a85-78f2fb748cc4;1.0
[2025-11-24T17:44:29.219+0000] {subprocess.py:93} INFO - 	confs: [default]
[2025-11-24T17:44:32.182+0000] {subprocess.py:93} INFO - 	found org.apache.spark#spark-sql-kafka-0-10_2.12;3.5.0 in central
[2025-11-24T17:44:32.458+0000] {subprocess.py:93} INFO - 	found org.apache.spark#spark-token-provider-kafka-0-10_2.12;3.5.0 in central
[2025-11-24T17:44:34.509+0000] {subprocess.py:93} INFO - 	found org.apache.hadoop#hadoop-client-runtime;3.3.4 in central
[2025-11-24T17:44:34.710+0000] {subprocess.py:93} INFO - 	found org.apache.hadoop#hadoop-client-api;3.3.4 in central
[2025-11-24T17:44:34.976+0000] {subprocess.py:93} INFO - 	found org.xerial.snappy#snappy-java;1.1.10.3 in central
[2025-11-24T17:44:36.246+0000] {subprocess.py:93} INFO - 	found org.slf4j#slf4j-api;2.0.7 in central
[2025-11-24T17:44:37.270+0000] {subprocess.py:93} INFO - 	found commons-logging#commons-logging;1.1.3 in central
[2025-11-24T17:44:37.424+0000] {subprocess.py:93} INFO - 	found com.google.code.findbugs#jsr305;3.0.0 in central
[2025-11-24T17:44:40.338+0000] {subprocess.py:93} INFO - 	found org.apache.commons#commons-pool2;2.11.1 in central
[2025-11-24T17:44:40.490+0000] {subprocess.py:93} INFO - 	found org.apache.kafka#kafka-clients;3.5.1 in central
[2025-11-24T17:44:40.721+0000] {subprocess.py:93} INFO - 	found com.github.luben#zstd-jni;1.5.5-1 in central
[2025-11-24T17:44:40.958+0000] {subprocess.py:93} INFO - 	found org.lz4#lz4-java;1.8.0 in central
[2025-11-24T17:44:41.194+0000] {subprocess.py:93} INFO - 	found org.postgresql#postgresql;42.6.0 in central
[2025-11-24T17:44:41.447+0000] {subprocess.py:93} INFO - 	found org.checkerframework#checker-qual;3.31.0 in central
[2025-11-24T17:44:41.618+0000] {subprocess.py:93} INFO - downloading https://repo1.maven.org/maven2/org/apache/spark/spark-sql-kafka-0-10_2.12/3.5.0/spark-sql-kafka-0-10_2.12-3.5.0.jar ...
[2025-11-24T17:44:41.960+0000] {subprocess.py:93} INFO - 	[SUCCESSFUL ] org.apache.spark#spark-sql-kafka-0-10_2.12;3.5.0!spark-sql-kafka-0-10_2.12.jar (507ms)
[2025-11-24T17:44:42.034+0000] {subprocess.py:93} INFO - downloading https://repo1.maven.org/maven2/org/apache/kafka/kafka-clients/3.5.1/kafka-clients-3.5.1.jar ...
[2025-11-24T17:44:43.442+0000] {subprocess.py:93} INFO - 	[SUCCESSFUL ] org.apache.kafka#kafka-clients;3.5.1!kafka-clients.jar (1482ms)
[2025-11-24T17:44:43.518+0000] {subprocess.py:93} INFO - downloading https://repo1.maven.org/maven2/org/apache/spark/spark-token-provider-kafka-0-10_2.12/3.5.0/spark-token-provider-kafka-0-10_2.12-3.5.0.jar ...
[2025-11-24T17:44:43.599+0000] {subprocess.py:93} INFO - 	[SUCCESSFUL ] org.apache.spark#spark-token-provider-kafka-0-10_2.12;3.5.0!spark-token-provider-kafka-0-10_2.12.jar (156ms)
[2025-11-24T17:44:43.672+0000] {subprocess.py:93} INFO - downloading https://repo1.maven.org/maven2/org/apache/commons/commons-pool2/2.11.1/commons-pool2-2.11.1.jar ...
[2025-11-24T17:44:43.769+0000] {subprocess.py:93} INFO - 	[SUCCESSFUL ] org.apache.commons#commons-pool2;2.11.1!commons-pool2.jar (170ms)
[2025-11-24T17:44:43.844+0000] {subprocess.py:93} INFO - downloading https://repo1.maven.org/maven2/org/postgresql/postgresql/42.6.0/postgresql-42.6.0.jar ...
[2025-11-24T17:44:44.082+0000] {subprocess.py:93} INFO - 	[SUCCESSFUL ] org.postgresql#postgresql;42.6.0!postgresql.jar (313ms)
[2025-11-24T17:44:44.162+0000] {subprocess.py:93} INFO - downloading https://repo1.maven.org/maven2/com/google/code/findbugs/jsr305/3.0.0/jsr305-3.0.0.jar ...
[2025-11-24T17:44:44.240+0000] {subprocess.py:93} INFO - 	[SUCCESSFUL ] com.google.code.findbugs#jsr305;3.0.0!jsr305.jar (156ms)
[2025-11-24T17:44:44.311+0000] {subprocess.py:93} INFO - downloading https://repo1.maven.org/maven2/org/apache/hadoop/hadoop-client-runtime/3.3.4/hadoop-client-runtime-3.3.4.jar ...
[2025-11-24T17:44:46.248+0000] {subprocess.py:93} INFO - 	[SUCCESSFUL ] org.apache.hadoop#hadoop-client-runtime;3.3.4!hadoop-client-runtime.jar (2009ms)
[2025-11-24T17:44:46.325+0000] {subprocess.py:93} INFO - downloading https://repo1.maven.org/maven2/org/apache/hadoop/hadoop-client-api/3.3.4/hadoop-client-api-3.3.4.jar ...
[2025-11-24T17:44:47.261+0000] {subprocess.py:93} INFO - 	[SUCCESSFUL ] org.apache.hadoop#hadoop-client-api;3.3.4!hadoop-client-api.jar (1013ms)
[2025-11-24T17:44:47.335+0000] {subprocess.py:93} INFO - downloading https://repo1.maven.org/maven2/org/xerial/snappy/snappy-java/1.1.10.3/snappy-java-1.1.10.3.jar ...
[2025-11-24T17:44:47.482+0000] {subprocess.py:93} INFO - 	[SUCCESSFUL ] org.xerial.snappy#snappy-java;1.1.10.3!snappy-java.jar(bundle) (220ms)
[2025-11-24T17:44:47.557+0000] {subprocess.py:93} INFO - downloading https://repo1.maven.org/maven2/org/slf4j/slf4j-api/2.0.7/slf4j-api-2.0.7.jar ...
[2025-11-24T17:44:47.633+0000] {subprocess.py:93} INFO - 	[SUCCESSFUL ] org.slf4j#slf4j-api;2.0.7!slf4j-api.jar (151ms)
[2025-11-24T17:44:47.702+0000] {subprocess.py:93} INFO - downloading https://repo1.maven.org/maven2/commons-logging/commons-logging/1.1.3/commons-logging-1.1.3.jar ...
[2025-11-24T17:44:47.776+0000] {subprocess.py:93} INFO - 	[SUCCESSFUL ] commons-logging#commons-logging;1.1.3!commons-logging.jar (143ms)
[2025-11-24T17:44:47.848+0000] {subprocess.py:93} INFO - downloading https://repo1.maven.org/maven2/com/github/luben/zstd-jni/1.5.5-1/zstd-jni-1.5.5-1.jar ...
[2025-11-24T17:44:48.137+0000] {subprocess.py:93} INFO - 	[SUCCESSFUL ] com.github.luben#zstd-jni;1.5.5-1!zstd-jni.jar (360ms)
[2025-11-24T17:44:48.210+0000] {subprocess.py:93} INFO - downloading https://repo1.maven.org/maven2/org/lz4/lz4-java/1.8.0/lz4-java-1.8.0.jar ...
[2025-11-24T17:44:48.313+0000] {subprocess.py:93} INFO - 	[SUCCESSFUL ] org.lz4#lz4-java;1.8.0!lz4-java.jar (175ms)
[2025-11-24T17:44:48.391+0000] {subprocess.py:93} INFO - downloading https://repo1.maven.org/maven2/org/checkerframework/checker-qual/3.31.0/checker-qual-3.31.0.jar ...
[2025-11-24T17:44:48.472+0000] {subprocess.py:93} INFO - 	[SUCCESSFUL ] org.checkerframework#checker-qual;3.31.0!checker-qual.jar (158ms)
[2025-11-24T17:44:48.472+0000] {subprocess.py:93} INFO - :: resolution report :: resolve 12234ms :: artifacts dl 7020ms
[2025-11-24T17:44:48.472+0000] {subprocess.py:93} INFO - 	:: modules in use:
[2025-11-24T17:44:48.472+0000] {subprocess.py:93} INFO - 	com.github.luben#zstd-jni;1.5.5-1 from central in [default]
[2025-11-24T17:44:48.473+0000] {subprocess.py:93} INFO - 	com.google.code.findbugs#jsr305;3.0.0 from central in [default]
[2025-11-24T17:44:48.473+0000] {subprocess.py:93} INFO - 	commons-logging#commons-logging;1.1.3 from central in [default]
[2025-11-24T17:44:48.473+0000] {subprocess.py:93} INFO - 	org.apache.commons#commons-pool2;2.11.1 from central in [default]
[2025-11-24T17:44:48.473+0000] {subprocess.py:93} INFO - 	org.apache.hadoop#hadoop-client-api;3.3.4 from central in [default]
[2025-11-24T17:44:48.473+0000] {subprocess.py:93} INFO - 	org.apache.hadoop#hadoop-client-runtime;3.3.4 from central in [default]
[2025-11-24T17:44:48.474+0000] {subprocess.py:93} INFO - 	org.apache.kafka#kafka-clients;3.5.1 from central in [default]
[2025-11-24T17:44:48.474+0000] {subprocess.py:93} INFO - 	org.apache.spark#spark-sql-kafka-0-10_2.12;3.5.0 from central in [default]
[2025-11-24T17:44:48.474+0000] {subprocess.py:93} INFO - 	org.apache.spark#spark-token-provider-kafka-0-10_2.12;3.5.0 from central in [default]
[2025-11-24T17:44:48.474+0000] {subprocess.py:93} INFO - 	org.checkerframework#checker-qual;3.31.0 from central in [default]
[2025-11-24T17:44:48.474+0000] {subprocess.py:93} INFO - 	org.lz4#lz4-java;1.8.0 from central in [default]
[2025-11-24T17:44:48.474+0000] {subprocess.py:93} INFO - 	org.postgresql#postgresql;42.6.0 from central in [default]
[2025-11-24T17:44:48.475+0000] {subprocess.py:93} INFO - 	org.slf4j#slf4j-api;2.0.7 from central in [default]
[2025-11-24T17:44:48.475+0000] {subprocess.py:93} INFO - 	org.xerial.snappy#snappy-java;1.1.10.3 from central in [default]
[2025-11-24T17:44:48.475+0000] {subprocess.py:93} INFO - 	:: evicted modules:
[2025-11-24T17:44:48.475+0000] {subprocess.py:93} INFO - 	org.apache.kafka#kafka-clients;3.4.1 by [org.apache.kafka#kafka-clients;3.5.1] in [default]
[2025-11-24T17:44:48.475+0000] {subprocess.py:93} INFO - 	org.xerial.snappy#snappy-java;1.1.10.1 by [org.xerial.snappy#snappy-java;1.1.10.3] in [default]
[2025-11-24T17:44:48.476+0000] {subprocess.py:93} INFO - 	org.slf4j#slf4j-api;1.7.36 by [org.slf4j#slf4j-api;2.0.7] in [default]
[2025-11-24T17:44:48.476+0000] {subprocess.py:93} INFO - 	---------------------------------------------------------------------
[2025-11-24T17:44:48.476+0000] {subprocess.py:93} INFO - 	|                  |            modules            ||   artifacts   |
[2025-11-24T17:44:48.476+0000] {subprocess.py:93} INFO - 	|       conf       | number| search|dwnlded|evicted|| number|dwnlded|
[2025-11-24T17:44:48.477+0000] {subprocess.py:93} INFO - 	---------------------------------------------------------------------
[2025-11-24T17:44:48.477+0000] {subprocess.py:93} INFO - 	|      default     |   17  |   14  |   14  |   3   ||   14  |   14  |
[2025-11-24T17:44:48.477+0000] {subprocess.py:93} INFO - 	---------------------------------------------------------------------
[2025-11-24T17:44:48.478+0000] {subprocess.py:93} INFO - :: retrieving :: org.apache.spark#spark-submit-parent-1b999447-6b03-4472-9a85-78f2fb748cc4
[2025-11-24T17:44:48.478+0000] {subprocess.py:93} INFO - 	confs: [default]
[2025-11-24T17:44:48.520+0000] {subprocess.py:93} INFO - 	14 artifacts copied, 0 already retrieved (64076kB/42ms)
[2025-11-24T17:44:48.685+0000] {subprocess.py:93} INFO - 25/11/24 17:44:48 WARN NativeCodeLoader: Unable to load native-hadoop library for your platform... using builtin-java classes where applicable
[2025-11-24T17:44:48.840+0000] {subprocess.py:93} INFO - Setting default log level to "WARN".
[2025-11-24T17:44:48.840+0000] {subprocess.py:93} INFO - To adjust logging level use sc.setLogLevel(newLevel). For SparkR, use setLogLevel(newLevel).
[2025-11-24T17:44:51.982+0000] {subprocess.py:93} INFO - 25/11/24 17:44:51 WARN ResolveWriteToStream: Temporary checkpoint location created which is deleted normally when the query didn't fail: /tmp/temporary-7d78941f-a82f-493e-981b-35847c180a15. If it's required to delete it under any circumstances, please set spark.sql.streaming.forceDeleteTempCheckpointLocation to true. Important to know deleting temp checkpoint folder is best effort.
[2025-11-24T17:44:51.996+0000] {subprocess.py:93} INFO - 25/11/24 17:44:51 WARN ResolveWriteToStream: spark.sql.adaptive.enabled is not supported in streaming DataFrames/Datasets and will be disabled.
[2025-11-24T17:49:39.533+0000] {local_task_job_runner.py:121} ERROR - Received SIGTERM. Terminating subprocesses
[2025-11-24T17:49:39.535+0000] {process_utils.py:131} INFO - Sending 15 to group 188. PIDs of all processes in the group: [189, 199, 188]
[2025-11-24T17:49:39.535+0000] {process_utils.py:86} INFO - Sending the signal 15 to group 188
[2025-11-24T17:49:39.536+0000] {taskinstance.py:2450} ERROR - Received SIGTERM. Terminating subprocesses.
[2025-11-24T17:49:39.536+0000] {subprocess.py:104} INFO - Sending SIGTERM signal to process group
[2025-11-24T17:49:39.561+0000] {taskinstance.py:2698} ERROR - Task failed with exception
Traceback (most recent call last):
  File "/home/airflow/.local/lib/python3.8/site-packages/airflow/models/taskinstance.py", line 433, in _execute_task
    result = execute_callable(context=context, **execute_callable_kwargs)
  File "/home/airflow/.local/lib/python3.8/site-packages/airflow/operators/bash.py", line 203, in execute
    result = self.subprocess_hook.run_command(
  File "/home/airflow/.local/lib/python3.8/site-packages/airflow/hooks/subprocess.py", line 91, in run_command
    for raw_line in iter(self.sub_process.stdout.readline, b""):
  File "/home/airflow/.local/lib/python3.8/site-packages/airflow/models/taskinstance.py", line 2452, in signal_handler
    raise AirflowException("Task received SIGTERM signal")
airflow.exceptions.AirflowException: Task received SIGTERM signal
[2025-11-24T17:49:39.566+0000] {taskinstance.py:1138} INFO - Marking task as UP_FOR_RETRY. dag_id=github_events_pipeline, task_id=spark_consumer, execution_date=20251124T174425, start_date=20251124T174427, end_date=20251124T174939
[2025-11-24T17:49:39.630+0000] {standard_task_runner.py:107} ERROR - Failed to execute job 10 for task spark_consumer (Task received SIGTERM signal; 188)
[2025-11-24T17:49:39.675+0000] {process_utils.py:79} INFO - Process psutil.Process(pid=189, status='terminated', started='17:44:27') (189) terminated with exit code None
[2025-11-24T17:49:39.677+0000] {process_utils.py:79} INFO - Process psutil.Process(pid=188, status='terminated', exitcode=1, started='17:44:26') (188) terminated with exit code 1
[2025-11-24T17:49:40.271+0000] {process_utils.py:79} INFO - Process psutil.Process(pid=199, status='terminated', started='17:44:27') (199) terminated with exit code None
[2025-11-24T17:49:40.271+0000] {local_task_job_runner.py:234} INFO - Task exited with return code 143
[2025-11-24T17:49:40.291+0000] {taskinstance.py:3280} INFO - 0 downstream tasks scheduled from follow-on schedule check
